[23.01.2023 23:52:34,90] SNS-DOS is in init status.
[23.01.2023 23:52:40,98] Started emulator.
[23.01.2023 23:52:54,56] SNS-DOS is in init status.
[23.01.2023 23:52:54,56] Standard SNS-DOS boot.
[23.01.2023 23:52:57,63] Login screen is appeared.
[23.01.2023 23:52:59,17] SNS-DOS is started!
[30.01.2023 17:47:42,63] SNS-DOS is in init status.
[30.01.2023 17:47:42,63] Standard SNS-DOS boot.
[30.01.2023 17:47:45,72] Login screen is appeared.
[30.01.2023 17:47:51,43] SNS-DOS is started!
[30.01.2023 17:58:28,48] Standard SNS-DOS boot.
[30.01.2023 17:58:31,54] Login screen is appeared.
[06/03/2023 16:03:47.94] SNS-DOS is in init status.
[06/03/2023 16:03:54.05] Started emulator.
[06/03/2023 16:04:00.12] Started SnsBoot and services.
[06/03/2023 16:04:06.22] SnsDisk init.
[06/03/2023 16:04:12.30] Standard SNS-DOS boot.
[06/03/2023 16:04:15.38] Login screen is appeared.
[09/03/2023 15:08:48.95] SNS-DOS is in init status.
[09/03/2023 15:08:55.08] Started emulator.
[09/03/2023 15:09:01.20] Started SnsBoot and services.
[09/03/2023 15:09:07.31] SnsDisk init.
[09/03/2023 15:09:13.46] Standard SNS-DOS boot.
[09/03/2023 15:09:16.73] Login screen is appeared.
[09/03/2023 15:10:25.54] Standard SNS-DOS boot.
[09/03/2023 15:10:28.82] Login screen is appeared.
[09/03/2023 15:10:54.24] SNS-DOS is in init status.
[09/03/2023 15:10:54.24] Standard SNS-DOS boot.
[09/03/2023 15:10:57.49] Login screen is appeared.
[09/03/2023 15:10:59.43] SNS-DOS is started!
[19/03/2023  2:35:05.97] SNS-DOS is in init status.
[19/03/2023  2:35:12.35] Started emulator.
[19/03/2023  2:35:18.47] Started SnsBoot and services.
[19/03/2023  2:35:24.59] SnsDisk init.
[19/03/2023  2:35:30.71] Standard SNS-DOS boot.
[19/03/2023  2:35:34.03] Login screen is appeared.
[19/03/2023  2:40:21.48] Standard SNS-DOS boot.
[19/03/2023  2:40:24.80] Login screen is appeared.
[19/03/2023  2:42:21.57] Standard SNS-DOS boot.
[19/03/2023  2:48:17.34] SNS-DOS is in init status.
[19/03/2023  2:48:17.35] Standard SNS-DOS boot.
[19/03/2023  2:48:35.47] SNS-DOS is in init status.
[19/03/2023  2:48:35.48] Standard SNS-DOS boot.
[19/03/2023  2:48:38.78] Login screen is appeared.
